2025-06-03 11:34:50 - core.task.log - INFO - Adding cron job with expression: * * * * * *
2025-06-03 11:34:50 - core.task.log - INFO - Successfully added job 93303caf10574f58af1b926c5106195e
2025-06-03 11:34:50 - core.task.log - INFO - Adding cron job with expression: * * * * * *
2025-06-03 11:34:50 - core.task.log - INFO - Successfully added job bfabb557712c4879850e08ac578983e8
2025-06-03 11:34:50 - core.task.log - INFO - Starting scheduler...
2025-06-03 11:34:50 - core.task.log - INFO - Scheduler started successfully
2025-06-03 11:34:51 - core.task.log - INFO - Executing job anonymous
2025-06-03 11:34:51 - core.task.log - INFO - Executing job anonymous
2025-06-03 11:34:52 - core.task.log - INFO - Executing job anonymous
2025-06-03 11:35:00 - core.task.log - INFO - Executing job anonymous
2025-06-03 11:35:07 - core.task.log - INFO - Executing job anonymous
2025-06-03 11:35:14 - core.task.log - INFO - Executing job anonymous
2025-06-03 11:35:22 - core.task.log - INFO - Executing job anonymous
2025-06-03 11:35:30 - core.task.log - INFO - Executing job anonymous
2025-06-03 11:35:40 - core.task.log - INFO - Executing job anonymous
2025-06-03 11:35:42 - core.task.log - INFO - Executing job anonymous
2025-06-03 11:36:00 - core.task.log - INFO - Executing job anonymous
2025-06-03 11:36:11 - core.task.log - INFO - Executing job anonymous
2025-06-03 11:36:15 - core.task.log - INFO - Executing job anonymous
2025-06-03 11:36:20 - core.task.log - INFO - Executing job anonymous
2025-06-03 11:36:37 - core.task.log - INFO - Executing job anonymous
2025-06-03 11:36:46 - core.task.log - INFO - Executing job anonymous
2025-06-03 11:36:48 - core.task.log - INFO - Executing job anonymous
2025-06-03 11:37:09 - core.task.log - INFO - Executing job anonymous
2025-06-03 11:37:13 - core.task.log - INFO - Executing job anonymous
2025-06-03 11:37:24 - core.task.log - INFO - Executing job anonymous
2025-06-03 11:37:38 - core.task.log - INFO - Executing job anonymous
2025-06-03 11:37:47 - core.task.log - INFO - Executing job anonymous
2025-06-03 11:37:57 - core.task.log - INFO - Executing job anonymous
2025-06-03 11:38:04 - core.task.log - INFO - Executing job anonymous
2025-06-03 11:38:11 - core.task.log - INFO - Executing job anonymous
2025-06-03 11:38:23 - core.task.log - INFO - Executing job anonymous
2025-06-03 11:38:31 - core.task.log - INFO - Executing job anonymous
2025-06-03 11:38:34 - core.task.log - INFO - Executing job anonymous
2025-06-03 11:38:43 - core.task.log - INFO - Executing job anonymous
2025-06-03 11:38:54 - core.task.log - INFO - Executing job anonymous
2025-06-03 11:39:05 - core.task.log - INFO - Executing job anonymous
2025-06-03 11:39:14 - core.task.log - INFO - Executing job anonymous
2025-06-03 11:39:17 - core.task.log - INFO - Executing job anonymous
2025-06-03 11:39:25 - core.task.log - INFO - Executing job anonymous
2025-06-03 11:39:38 - core.task.log - INFO - Executing job anonymous
2025-06-03 11:39:41 - core.task.log - INFO - Executing job anonymous
2025-06-03 11:39:55 - core.task.log - INFO - Executing job anonymous
2025-06-03 11:40:08 - core.task.log - INFO - Executing job anonymous
2025-06-03 11:40:09 - core.task.log - INFO - Executing job anonymous
2025-06-03 11:40:22 - core.task.log - INFO - Executing job anonymous
2025-06-03 11:40:26 - core.task.log - INFO - Executing job anonymous
2025-06-03 11:40:27 - core.task.log - INFO - Executing job anonymous
2025-06-03 11:40:31 - core.task.log - INFO - Executing job anonymous
2025-06-03 11:40:32 - core.task.log - INFO - Executing job anonymous
2025-06-03 11:40:47 - core.task.log - INFO - Executing job anonymous
2025-06-03 11:40:51 - core.task.log - INFO - Executing job anonymous
2025-06-03 11:41:21 - core.task.log - INFO - Executing job anonymous
2025-06-03 11:41:35 - core.task.log - INFO - Executing job anonymous
2025-06-03 11:41:40 - core.task.log - INFO - Executing job anonymous
2025-06-03 11:41:47 - core.task.log - INFO - Executing job anonymous
2025-06-03 11:41:58 - core.task.log - INFO - Executing job anonymous
2025-06-03 11:42:11 - core.task.log - INFO - Executing job anonymous
2025-06-03 11:42:15 - core.task.log - INFO - Executing job anonymous
2025-06-03 11:42:22 - core.task.log - INFO - Executing job anonymous
2025-06-03 11:42:29 - core.task.log - INFO - Executing job anonymous
2025-06-03 11:42:38 - core.task.log - INFO - Executing job anonymous
2025-06-03 11:42:39 - core.task.log - INFO - Executing job anonymous
2025-06-03 11:42:42 - core.task.log - INFO - Executing job anonymous
2025-06-03 11:42:58 - core.task.log - INFO - Executing job anonymous
2025-06-03 11:43:08 - core.task.log - INFO - Executing job anonymous
2025-06-03 11:43:10 - core.task.log - INFO - Executing job anonymous
2025-06-03 11:43:18 - core.task.log - INFO - Executing job anonymous
2025-06-03 11:43:29 - core.task.log - INFO - Executing job anonymous
2025-06-03 11:43:32 - core.task.log - INFO - Executing job anonymous
2025-06-03 11:43:32 - core.task.log - INFO - Executing job anonymous
2025-06-03 11:43:33 - core.task.log - INFO - Executing job anonymous
2025-06-03 11:43:52 - core.task.log - INFO - Executing job anonymous
2025-06-03 11:44:01 - core.task.log - INFO - Executing job anonymous
2025-06-03 11:44:28 - core.task.log - INFO - Executing job anonymous
2025-06-03 11:44:32 - core.task.log - INFO - Executing job anonymous
2025-06-03 11:44:41 - core.task.log - INFO - Executing job anonymous
2025-06-03 11:44:53 - core.task.log - INFO - Executing job anonymous
2025-06-03 11:44:57 - core.task.log - INFO - Executing job anonymous
2025-06-03 11:45:18 - core.task.log - INFO - Executing job anonymous
2025-06-03 11:45:22 - core.task.log - INFO - Executing job anonymous
2025-06-03 11:45:33 - core.task.log - INFO - Executing job anonymous
2025-06-03 11:45:48 - core.task.log - INFO - Executing job anonymous
2025-06-03 11:45:54 - core.task.log - INFO - Executing job anonymous
2025-06-03 11:45:57 - core.task.log - INFO - Executing job anonymous
2025-06-03 11:46:15 - core.task.log - INFO - Executing job anonymous
2025-06-03 11:46:24 - core.task.log - INFO - Executing job anonymous
2025-06-03 11:46:37 - core.task.log - INFO - Executing job anonymous
2025-06-03 11:46:40 - core.task.log - INFO - Executing job anonymous
2025-06-03 11:46:57 - core.task.log - INFO - Executing job anonymous
2025-06-03 11:47:05 - core.task.log - INFO - Executing job anonymous
2025-06-03 11:47:26 - core.task.log - INFO - Executing job anonymous
2025-06-03 11:47:38 - core.task.log - INFO - Executing job anonymous
2025-06-03 11:47:41 - core.task.log - INFO - Executing job anonymous
2025-06-03 11:47:57 - core.task.log - INFO - Executing job anonymous
2025-06-03 11:48:12 - core.task.log - INFO - Executing job anonymous
2025-06-03 11:48:17 - core.task.log - INFO - Executing job anonymous
2025-06-03 11:48:31 - core.task.log - INFO - Executing job anonymous
2025-06-03 11:48:37 - core.task.log - INFO - Executing job anonymous
2025-06-03 11:48:41 - core.task.log - INFO - Executing job anonymous
2025-06-03 11:48:52 - core.task.log - INFO - Executing job anonymous
2025-06-03 11:48:58 - core.task.log - INFO - Executing job anonymous
2025-06-03 11:49:01 - core.task.log - INFO - Executing job anonymous
2025-06-03 11:49:11 - core.task.log - INFO - Executing job anonymous
2025-06-03 11:49:18 - core.task.log - INFO - Executing job anonymous
2025-06-03 11:49:24 - core.task.log - INFO - Executing job anonymous
2025-06-03 11:49:32 - core.task.log - INFO - Executing job anonymous
2025-06-03 11:49:45 - core.task.log - INFO - Executing job anonymous
2025-06-03 11:49:56 - core.task.log - INFO - Executing job anonymous
2025-06-03 11:50:03 - core.task.log - INFO - Executing job anonymous
2025-06-03 11:50:18 - core.task.log - INFO - Executing job anonymous
2025-06-03 11:50:24 - core.task.log - INFO - Executing job anonymous
2025-06-03 11:50:29 - core.task.log - INFO - Executing job anonymous
2025-06-03 11:50:51 - core.task.log - INFO - Executing job anonymous
2025-06-03 11:50:54 - core.task.log - INFO - Executing job anonymous
2025-06-03 11:53:43 - core.task.log - INFO - Executing job anonymous
2025-06-03 11:59:20 - core.task.log - INFO - Executing job anonymous
2025-06-03 11:59:48 - core.task.log - INFO - Executing job anonymous
2025-06-03 12:00:11 - core.task.log - INFO - Executing job anonymous
2025-06-03 12:00:35 - core.task.log - INFO - Executing job anonymous
2025-06-03 12:00:58 - core.task.log - INFO - Executing job anonymous
2025-06-03 12:01:22 - core.task.log - INFO - Executing job anonymous
2025-06-03 12:01:47 - core.task.log - INFO - Executing job anonymous
2025-06-03 12:02:10 - core.task.log - INFO - Executing job anonymous
2025-06-03 12:02:35 - core.task.log - INFO - Executing job anonymous
2025-06-03 12:03:02 - core.task.log - INFO - Executing job anonymous
2025-06-03 12:03:29 - core.task.log - INFO - Executing job anonymous
2025-06-03 12:03:53 - core.task.log - INFO - Executing job anonymous
2025-06-03 12:04:17 - core.task.log - INFO - Executing job anonymous
2025-06-03 12:04:48 - core.task.log - INFO - Executing job anonymous
2025-06-03 12:05:17 - core.task.log - INFO - Executing job anonymous
2025-06-03 12:05:44 - core.task.log - INFO - Executing job anonymous
2025-06-03 12:06:09 - core.task.log - INFO - Executing job anonymous
2025-06-03 12:06:35 - core.task.log - INFO - Executing job anonymous
2025-06-03 12:07:02 - core.task.log - INFO - Executing job anonymous
2025-06-03 12:07:25 - core.task.log - INFO - Executing job anonymous
2025-06-03 12:07:50 - core.task.log - INFO - Executing job anonymous
2025-06-03 12:08:32 - core.task.log - INFO - Executing job anonymous
2025-06-03 12:08:57 - core.task.log - INFO - Executing job anonymous
2025-06-03 12:09:24 - core.task.log - INFO - Executing job anonymous
2025-06-03 12:09:49 - core.task.log - INFO - Executing job anonymous
2025-06-03 12:10:12 - core.task.log - INFO - Executing job anonymous
2025-06-03 12:10:38 - core.task.log - INFO - Executing job anonymous
2025-06-03 12:11:09 - core.task.log - INFO - Executing job anonymous
2025-06-03 12:11:32 - core.task.log - INFO - Executing job anonymous
2025-06-03 12:11:43 - core.task.log - INFO - Executing job anonymous
2025-06-03 12:11:50 - core.task.log - INFO - Executing job anonymous
2025-06-03 12:12:26 - core.task.log - INFO - Executing job anonymous
2025-06-03 12:12:44 - core.task.log - INFO - Executing job anonymous
2025-06-03 12:12:57 - core.task.log - INFO - Executing job anonymous
2025-06-03 12:13:11 - core.task.log - INFO - Executing job anonymous
2025-06-03 12:13:23 - core.task.log - INFO - Executing job anonymous
2025-06-03 12:13:30 - core.task.log - INFO - Executing job anonymous
2025-06-03 12:13:34 - core.task.log - INFO - Executing job anonymous
2025-06-03 12:13:38 - core.task.log - INFO - Executing job anonymous
2025-06-03 12:13:43 - core.task.log - INFO - Executing job anonymous
2025-06-03 12:13:56 - core.task.log - INFO - Executing job anonymous
2025-06-03 12:13:58 - core.task.log - INFO - Executing job anonymous
2025-06-03 12:14:06 - core.task.log - INFO - Executing job anonymous
2025-06-03 12:14:20 - core.task.log - INFO - Executing job anonymous
2025-06-03 12:14:27 - core.task.log - INFO - Executing job anonymous
2025-06-03 12:14:33 - core.task.log - INFO - Executing job anonymous
2025-06-03 12:14:52 - core.task.log - INFO - Executing job anonymous
2025-06-03 12:15:09 - core.task.log - INFO - Executing job anonymous
2025-06-03 12:15:25 - core.task.log - INFO - Executing job anonymous
2025-06-03 12:15:27 - core.task.log - INFO - Executing job anonymous
2025-06-03 12:15:47 - core.task.log - INFO - Executing job anonymous
2025-06-03 12:15:52 - core.task.log - INFO - Executing job anonymous
2025-06-03 12:15:59 - core.task.log - INFO - Executing job anonymous
2025-06-03 12:16:06 - core.task.log - INFO - Executing job anonymous
2025-06-03 12:16:18 - core.task.log - INFO - Executing job anonymous
2025-06-03 12:16:36 - core.task.log - INFO - Executing job anonymous
2025-06-03 12:16:41 - core.task.log - INFO - Executing job anonymous
2025-06-03 12:16:58 - core.task.log - INFO - Executing job anonymous
2025-06-03 12:17:04 - core.task.log - INFO - Executing job anonymous
2025-06-03 12:17:11 - core.task.log - INFO - Executing job anonymous
2025-06-03 12:17:31 - core.task.log - INFO - Executing job anonymous
2025-06-03 12:17:37 - core.task.log - INFO - Executing job anonymous
2025-06-03 12:17:43 - core.task.log - INFO - Executing job anonymous
2025-06-03 12:18:08 - core.task.log - INFO - Executing job anonymous
2025-06-03 12:18:18 - core.task.log - INFO - Executing job anonymous
2025-06-03 12:18:21 - core.task.log - INFO - Executing job anonymous
2025-06-03 12:18:29 - core.task.log - INFO - Executing job anonymous
2025-06-03 12:18:47 - core.task.log - INFO - Executing job anonymous
2025-06-03 12:18:56 - core.task.log - INFO - Executing job anonymous
2025-06-03 12:18:59 - core.task.log - INFO - Executing job anonymous
2025-06-03 12:19:17 - core.task.log - INFO - Executing job anonymous
2025-06-03 12:19:21 - core.task.log - INFO - Executing job anonymous
2025-06-03 12:19:37 - core.task.log - INFO - Executing job anonymous
2025-06-03 12:19:47 - core.task.log - INFO - Executing job anonymous
2025-06-03 12:19:53 - core.task.log - INFO - Executing job anonymous
2025-06-03 12:20:08 - core.task.log - INFO - Executing job anonymous
2025-06-03 12:20:24 - core.task.log - INFO - Executing job anonymous
2025-06-03 12:20:28 - core.task.log - INFO - Executing job anonymous
2025-06-03 12:20:36 - core.task.log - INFO - Executing job anonymous
2025-06-03 12:20:48 - core.task.log - INFO - Executing job anonymous
2025-06-03 12:20:57 - core.task.log - INFO - Executing job anonymous
2025-06-03 12:21:01 - core.task.log - INFO - Executing job anonymous
2025-06-03 12:21:13 - core.task.log - INFO - Executing job anonymous
2025-06-03 12:21:24 - core.task.log - INFO - Executing job anonymous
2025-06-03 12:21:36 - core.task.log - INFO - Executing job anonymous
2025-06-03 12:21:39 - core.task.log - INFO - Executing job anonymous
2025-06-03 12:21:55 - core.task.log - INFO - Executing job anonymous
2025-06-03 12:22:02 - core.task.log - INFO - Executing job anonymous
2025-06-03 12:22:06 - core.task.log - INFO - Executing job anonymous
2025-06-03 12:22:16 - core.task.log - INFO - Executing job anonymous
2025-06-03 12:22:21 - core.task.log - INFO - Executing job anonymous
2025-06-03 12:22:31 - core.task.log - INFO - Executing job anonymous
2025-06-03 12:22:41 - core.task.log - INFO - Executing job anonymous
2025-06-03 12:22:48 - core.task.log - INFO - Executing job anonymous
2025-06-03 12:22:48 - core.task.log - INFO - Executing job anonymous
2025-06-03 12:22:49 - core.task.log - INFO - Executing job anonymous
2025-06-03 12:22:59 - core.task.log - INFO - Executing job anonymous
2025-06-03 12:23:03 - core.task.log - INFO - Executing job anonymous
2025-06-03 12:23:20 - core.task.log - INFO - Executing job anonymous
2025-06-03 12:23:25 - core.task.log - INFO - Executing job anonymous
2025-06-03 12:23:38 - core.task.log - INFO - Executing job anonymous
2025-06-03 12:23:46 - core.task.log - INFO - Executing job anonymous
2025-06-03 12:23:50 - core.task.log - INFO - Executing job anonymous
2025-06-03 12:24:07 - core.task.log - INFO - Executing job anonymous
2025-06-03 12:24:17 - core.task.log - INFO - Executing job anonymous
2025-06-03 12:24:21 - core.task.log - INFO - Executing job anonymous
2025-06-03 12:24:29 - core.task.log - INFO - Executing job anonymous
2025-06-03 12:24:42 - core.task.log - INFO - Executing job anonymous
2025-06-03 12:24:50 - core.task.log - INFO - Executing job anonymous
2025-06-03 12:24:56 - core.task.log - INFO - Executing job anonymous
2025-06-03 12:25:01 - core.task.log - INFO - Executing job anonymous
2025-06-03 12:25:10 - core.task.log - INFO - Executing job anonymous
2025-06-03 12:25:19 - core.task.log - INFO - Executing job anonymous
2025-06-03 12:25:32 - core.task.log - INFO - Executing job anonymous
2025-06-03 12:25:34 - core.task.log - INFO - Executing job anonymous
2025-06-03 12:25:49 - core.task.log - INFO - Executing job anonymous
2025-06-03 12:26:04 - core.task.log - INFO - Executing job anonymous
2025-06-03 12:26:10 - core.task.log - INFO - Executing job anonymous
2025-06-03 12:26:20 - core.task.log - INFO - Executing job anonymous
2025-06-03 12:26:32 - core.task.log - INFO - Executing job anonymous
2025-06-03 12:26:37 - core.task.log - INFO - Executing job anonymous
2025-06-03 12:26:46 - core.task.log - INFO - Executing job anonymous
2025-06-03 12:26:59 - core.task.log - INFO - Executing job anonymous
2025-06-03 12:27:07 - core.task.log - INFO - Executing job anonymous
2025-06-03 12:27:09 - core.task.log - INFO - Executing job anonymous
2025-06-03 12:27:34 - core.task.log - INFO - Executing job anonymous
2025-06-03 12:27:36 - core.task.log - INFO - Executing job anonymous
2025-06-03 12:27:42 - core.task.log - INFO - Executing job anonymous
2025-06-03 12:27:56 - core.task.log - INFO - Executing job anonymous
2025-06-03 12:28:09 - core.task.log - INFO - Executing job anonymous
2025-06-03 12:28:13 - core.task.log - INFO - Executing job anonymous
2025-06-03 12:28:28 - core.task.log - INFO - Executing job anonymous
2025-06-03 12:28:38 - core.task.log - INFO - Executing job anonymous
2025-06-03 12:28:41 - core.task.log - INFO - Executing job anonymous
2025-06-03 12:28:50 - core.task.log - INFO - Executing job anonymous
2025-06-03 12:28:58 - core.task.log - INFO - Executing job anonymous
2025-06-03 12:29:02 - core.task.log - INFO - Executing job anonymous
2025-06-03 12:29:06 - core.task.log - INFO - Executing job anonymous
2025-06-03 12:29:09 - core.task.log - INFO - Executing job anonymous
2025-06-03 12:29:22 - core.task.log - INFO - Executing job anonymous
2025-06-03 12:29:33 - core.task.log - INFO - Executing job anonymous
2025-06-03 12:29:41 - core.task.log - INFO - Executing job anonymous
2025-06-03 12:29:52 - core.task.log - INFO - Executing job anonymous
2025-06-03 12:30:03 - core.task.log - INFO - Executing job anonymous
2025-06-03 12:30:11 - core.task.log - INFO - Executing job anonymous
2025-06-03 12:30:14 - core.task.log - INFO - Executing job anonymous
2025-06-03 12:30:24 - core.task.log - INFO - Executing job anonymous
2025-06-03 12:30:37 - core.task.log - INFO - Executing job anonymous
2025-06-03 12:30:43 - core.task.log - INFO - Executing job anonymous
2025-06-03 12:30:49 - core.task.log - INFO - Executing job anonymous
2025-06-03 12:31:01 - core.task.log - INFO - Executing job anonymous
2025-06-03 12:31:12 - core.task.log - INFO - Executing job anonymous
2025-06-03 12:31:14 - core.task.log - INFO - Executing job anonymous
2025-06-03 12:31:31 - core.task.log - INFO - Executing job anonymous
2025-06-03 12:31:44 - core.task.log - INFO - Executing job anonymous
2025-06-03 12:31:48 - core.task.log - INFO - Executing job anonymous
2025-06-03 12:31:51 - core.task.log - INFO - Executing job anonymous
2025-06-03 12:31:58 - core.task.log - INFO - Executing job anonymous
2025-06-03 12:32:26 - core.task.log - INFO - Executing job anonymous
2025-06-03 12:32:36 - core.task.log - INFO - Executing job anonymous
2025-06-03 12:32:39 - core.task.log - INFO - Executing job anonymous
2025-06-03 12:32:54 - core.task.log - INFO - Executing job anonymous
2025-06-03 12:33:06 - core.task.log - INFO - Executing job anonymous
2025-06-03 12:33:15 - core.task.log - INFO - Executing job anonymous
2025-06-03 12:33:16 - core.task.log - INFO - Executing job anonymous
2025-06-03 12:33:25 - core.task.log - INFO - Executing job anonymous
2025-06-03 12:33:33 - core.task.log - INFO - Executing job anonymous
2025-06-03 12:33:45 - core.task.log - INFO - Executing job anonymous
2025-06-03 12:33:54 - core.task.log - INFO - Executing job anonymous
2025-06-03 12:33:55 - core.task.log - INFO - Executing job anonymous
2025-06-03 12:34:00 - core.task.log - INFO - Executing job anonymous
2025-06-03 12:34:14 - core.task.log - INFO - Executing job anonymous
2025-06-03 12:34:22 - core.task.log - INFO - Executing job anonymous
2025-06-03 12:34:26 - core.task.log - INFO - Executing job anonymous
2025-06-03 12:34:38 - core.task.log - INFO - Executing job anonymous
2025-06-03 12:34:52 - core.task.log - INFO - Executing job anonymous
2025-06-03 12:35:14 - core.task.log - INFO - Executing job anonymous
2025-06-03 12:35:25 - core.task.log - INFO - Executing job anonymous
2025-06-03 12:35:36 - core.task.log - INFO - Executing job anonymous
2025-06-03 12:35:42 - core.task.log - INFO - Executing job anonymous
2025-06-03 12:35:50 - core.task.log - INFO - Executing job anonymous
2025-06-03 12:36:05 - core.task.log - INFO - Executing job anonymous
2025-06-03 12:36:07 - core.task.log - INFO - Executing job anonymous
2025-06-03 12:36:32 - core.task.log - INFO - Executing job anonymous
2025-06-03 12:36:34 - core.task.log - INFO - Executing job anonymous
2025-06-03 12:36:42 - core.task.log - INFO - Executing job anonymous
2025-06-03 12:36:50 - core.task.log - INFO - Executing job anonymous
2025-06-03 12:37:00 - core.task.log - INFO - Executing job anonymous
2025-06-03 12:37:06 - core.task.log - INFO - Executing job anonymous
2025-06-03 12:37:15 - core.task.log - INFO - Executing job anonymous
2025-06-03 12:37:21 - core.task.log - INFO - Executing job anonymous
2025-06-03 12:37:32 - core.task.log - INFO - Executing job anonymous
2025-06-03 12:37:46 - core.task.log - INFO - Executing job anonymous
2025-06-03 12:37:53 - core.task.log - INFO - Executing job anonymous
2025-06-03 12:37:59 - core.task.log - INFO - Executing job anonymous
2025-06-03 12:38:03 - core.task.log - INFO - Executing job anonymous
2025-06-03 12:38:08 - core.task.log - INFO - Executing job anonymous
2025-06-03 12:38:33 - core.task.log - INFO - Executing job anonymous
2025-06-03 12:38:41 - core.task.log - INFO - Executing job anonymous
2025-06-03 12:38:44 - core.task.log - INFO - Executing job anonymous
2025-06-03 12:38:57 - core.task.log - INFO - Executing job anonymous
2025-06-03 12:39:04 - core.task.log - INFO - Executing job anonymous
2025-06-03 12:39:15 - core.task.log - INFO - Executing job anonymous
2025-06-03 12:39:17 - core.task.log - INFO - Executing job anonymous
2025-06-03 12:39:28 - core.task.log - INFO - Executing job anonymous
2025-06-03 12:39:42 - core.task.log - INFO - Executing job anonymous
2025-06-03 12:39:45 - core.task.log - INFO - Executing job anonymous
2025-06-03 12:39:54 - core.task.log - INFO - Executing job anonymous
2025-06-03 12:40:08 - core.task.log - INFO - Executing job anonymous
2025-06-03 12:40:14 - core.task.log - INFO - Executing job anonymous
2025-06-03 12:40:18 - core.task.log - INFO - Executing job anonymous
2025-06-03 12:40:26 - core.task.log - INFO - Executing job anonymous
2025-06-03 12:40:37 - core.task.log - INFO - Executing job anonymous
2025-06-03 12:40:45 - core.task.log - INFO - Executing job anonymous
2025-06-03 12:40:54 - core.task.log - INFO - Executing job anonymous
2025-06-03 12:41:01 - core.task.log - INFO - Executing job anonymous
2025-06-03 12:41:13 - core.task.log - INFO - Executing job anonymous
2025-06-03 12:41:26 - core.task.log - INFO - Executing job anonymous
2025-06-03 12:41:34 - core.task.log - INFO - Executing job anonymous
2025-06-03 12:41:46 - core.task.log - INFO - Executing job anonymous
2025-06-03 12:42:00 - core.task.log - INFO - Executing job anonymous
2025-06-03 12:42:04 - core.task.log - INFO - Executing job anonymous
2025-06-03 12:42:10 - core.task.log - INFO - Executing job anonymous
2025-06-03 12:42:24 - core.task.log - INFO - Executing job anonymous
2025-06-03 12:42:38 - core.task.log - INFO - Executing job anonymous
2025-06-03 12:42:43 - core.task.log - INFO - Executing job anonymous
2025-06-03 12:42:52 - core.task.log - INFO - Executing job anonymous
2025-06-03 12:42:59 - core.task.log - INFO - Executing job anonymous
2025-06-03 12:43:06 - core.task.log - INFO - Executing job anonymous
2025-06-03 12:43:22 - core.task.log - INFO - Executing job anonymous
2025-06-03 12:43:23 - core.task.log - INFO - Executing job anonymous
2025-06-03 12:43:27 - core.task.log - INFO - Executing job anonymous
2025-06-03 12:43:35 - core.task.log - INFO - Executing job anonymous
2025-06-03 12:43:42 - core.task.log - INFO - Executing job anonymous
2025-06-03 12:43:49 - core.task.log - INFO - Executing job anonymous
2025-06-03 12:43:55 - core.task.log - INFO - Executing job anonymous
2025-06-03 12:44:04 - core.task.log - INFO - Executing job anonymous
2025-06-03 12:44:13 - core.task.log - INFO - Executing job anonymous
2025-06-03 12:44:19 - core.task.log - INFO - Executing job anonymous
2025-06-03 12:44:27 - core.task.log - INFO - Executing job anonymous
2025-06-03 12:44:31 - core.task.log - INFO - Executing job anonymous
2025-06-03 12:44:47 - core.task.log - INFO - Executing job anonymous
2025-06-03 12:45:00 - core.task.log - INFO - Executing job anonymous
2025-06-03 12:45:04 - core.task.log - INFO - Executing job anonymous
2025-06-03 12:45:16 - core.task.log - INFO - Executing job anonymous
2025-06-03 12:45:26 - core.task.log - INFO - Executing job anonymous
2025-06-03 12:45:34 - core.task.log - INFO - Executing job anonymous
2025-06-03 12:45:40 - core.task.log - INFO - Executing job anonymous
2025-06-03 12:45:43 - core.task.log - INFO - Executing job anonymous
2025-06-03 12:45:59 - core.task.log - INFO - Executing job anonymous
2025-06-03 12:46:08 - core.task.log - INFO - Executing job anonymous
2025-06-03 12:46:26 - core.task.log - INFO - Adding cron job with expression: * * * * * *
2025-06-03 12:46:26 - core.task.log - INFO - Successfully added job 70cc576f25dd4b7cba5bb53599fd339a
2025-06-03 12:46:26 - core.task.log - INFO - Adding cron job with expression: * * * * * *
2025-06-03 12:46:26 - core.task.log - INFO - Successfully added job e12c514597cc4a18897e0531ebf27a63
2025-06-03 12:46:26 - core.task.log - INFO - Starting scheduler...
2025-06-03 12:46:26 - core.task.log - INFO - Scheduler started successfully
2025-06-03 12:46:27 - core.task.log - INFO - Executing job anonymous
2025-06-03 12:46:27 - core.task.log - INFO - Executing job anonymous
2025-06-03 12:46:35 - core.task.log - INFO - Executing job anonymous
2025-06-03 12:46:53 - core.task.log - INFO - Executing job anonymous
2025-06-03 12:46:56 - core.task.log - INFO - Executing job anonymous
2025-06-03 12:47:09 - core.task.log - INFO - Executing job anonymous
2025-06-03 12:47:21 - core.task.log - INFO - Executing job anonymous
2025-06-03 12:47:23 - core.task.log - INFO - Executing job anonymous
2025-06-03 12:47:39 - core.task.log - INFO - Executing job anonymous
2025-06-03 12:47:46 - core.task.log - INFO - Executing job anonymous
2025-06-03 12:47:52 - core.task.log - INFO - Executing job anonymous
2025-06-03 12:49:01 - core.task.log - INFO - Executing job anonymous
2025-06-03 12:49:08 - core.task.log - INFO - Executing job anonymous
2025-06-03 12:49:21 - core.task.log - INFO - Executing job anonymous
2025-06-03 12:49:32 - core.task.log - INFO - Executing job anonymous
2025-06-03 12:49:39 - core.task.log - INFO - Executing job anonymous
2025-06-03 12:50:01 - core.task.log - INFO - Executing job anonymous
2025-06-03 12:50:11 - core.task.log - INFO - Executing job anonymous
2025-06-03 12:50:14 - core.task.log - INFO - Executing job anonymous
2025-06-03 12:50:26 - core.task.log - INFO - Executing job anonymous
2025-06-03 12:50:29 - core.task.log - INFO - Executing job anonymous
2025-06-03 12:50:32 - core.task.log - INFO - Executing job anonymous
2025-06-03 12:50:42 - core.task.log - INFO - Executing job anonymous
2025-06-03 12:51:02 - core.task.log - INFO - Executing job anonymous
2025-06-03 12:51:14 - core.task.log - INFO - Executing job anonymous
2025-06-03 12:51:23 - core.task.log - INFO - Executing job anonymous
2025-06-03 12:51:28 - core.task.log - INFO - Executing job anonymous
2025-06-03 12:51:36 - core.task.log - INFO - Executing job anonymous
2025-06-03 12:51:39 - core.task.log - INFO - Executing job anonymous
2025-06-03 12:51:53 - core.task.log - INFO - Executing job anonymous
2025-06-03 12:52:05 - core.task.log - INFO - Executing job anonymous
2025-06-03 12:52:12 - core.task.log - INFO - Executing job anonymous
2025-06-03 12:52:23 - core.task.log - INFO - Executing job anonymous
2025-06-03 12:52:42 - core.task.log - INFO - Executing job anonymous
2025-06-03 12:52:42 - core.task.log - INFO - Executing job anonymous
2025-06-03 12:52:47 - core.task.log - INFO - Executing job anonymous
2025-06-03 12:52:58 - core.task.log - INFO - Executing job anonymous
